CRITICAL - 2026-06-23 23:20:08 --> ErrorException: Uncaught CodeIgniter\Exceptions\PageNotFoundException: Can't find a route for 'CLI: /'. in C:\xampp\htdocs\ClientePedidos\system\CodeIgniter.php:1001
Stack trace:
#0 C:\xampp\htdocs\ClientePedidos\system\CodeIgniter.php(1001): CodeIgniter\Exceptions\PageNotFoundException::forPageNotFound('Can't find a ro...')
#1 C:\xampp\htdocs\ClientePedidos\system\CodeIgniter.php(346): CodeIgniter\CodeIgniter->display404errors(Object(CodeIgniter\Exceptions\PageNotFoundException))
#2 C:\xampp\htdocs\ClientePedidos\system\Boot.php(417): CodeIgniter\CodeIgniter->run()
#3 C:\xampp\htdocs\ClientePedidos\system\Boot.php(68): CodeIgniter\Boot::runCodeIgniter(Object(CodeIgniter\CodeIgniter))
#4 C:\xampp\htdocs\ClientePedidos\public\index.php(59): CodeIgniter\Boot::bootWeb(Object(Config\Paths))
#5 Command line code(1): require('C:\\xampp\\htdocs...')
#6 {main}
  thrown
[Method: CLI, Route: /]
in SYSTEMPATH\CodeIgniter.php on line 1001.
 1 [internal function]: CodeIgniter\Debug\Exceptions->shutdownHandler()
CRITICAL - 2026-06-23 23:46:59 --> ErrorException: Array to string conversion
[Method: POST, Route: checkout/finalizar]
in APPPATH\Views\pedido\nota.php on line 42.
 1 APPPATH\Views\pedido\nota.php(42): CodeIgniter\Debug\Exceptions->errorHandler(2, 'Array to string conversion', 'C:\\xampp\\htdocs\\ClientePedidos\\app\\Views\\pedido\\nota.php', 42)
 2 SYSTEMPATH\View\View.php(238): include('C:\\xampp\\htdocs\\ClientePedidos\\app\\Views\\pedido\\nota.php')
 3 SYSTEMPATH\View\View.php(241): CodeIgniter\View\View->CodeIgniter\View\{closure}()
 4 SYSTEMPATH\Common.php(1250): CodeIgniter\View\View->render('pedido/nota', [], true)
 5 APPPATH\Controllers\CheckoutController.php(71): view('pedido/nota', [...])
 6 SYSTEMPATH\CodeIgniter.php(951): App\Controllers\CheckoutController->finalizar()
 7 SYSTEMPATH\CodeIgniter.php(497): CodeIgniter\CodeIgniter->runController(Object(App\Controllers\CheckoutController))
 8 SYSTEMPATH\CodeIgniter.php(340): CodeIgniter\CodeIgniter->handleRequest(null, Object(Config\Cache), false)
 9 SYSTEMPATH\Boot.php(417): CodeIgniter\CodeIgniter->run()
10 SYSTEMPATH\Boot.php(68): CodeIgniter\Boot::runCodeIgniter(Object(CodeIgniter\CodeIgniter))
11 FCPATH\index.php(59): CodeIgniter\Boot::bootWeb(Object(Config\Paths))
